#
# A fatal error has been detected by the Java Runtime Environment:
#
#  EXCEPTION_ACCESS_VIOLATION (0xc0000005) at pc=0x000007fef91081f9, pid=7052, tid=7416
#
# JRE version: Java(TM) SE Runtime Environment (8.0_05-b13) (build 1.8.0_05-b13)
# Java VM: Java HotSpot(TM) 64-Bit Server VM (25.5-b02 mixed mode windows-amd64 compressed oops)
# Problematic frame:
# C  [jna6329866639640894840.dll+0x181f9]
#
# Failed to write core dump. Minidumps are not enabled by default on client versions of Windows
#
# If you would like to submit a bug report, please visit:
#   http://bugreport.sun.com/bugreport/crash.jsp
# The crash happened outside the Java Virtual Machine in native code.
# See problematic frame for where to report the bug.
#

---------------  T H R E A D  ---------------

Current thread (0x0000000001e8e800):  JavaThread "main" [_thread_in_native, id=7416, stack(0x0000000002250000,0x0000000002350000)]

siginfo: ExceptionCode=0xc0000005, writing address 0x000000001b717c80

Registers:
RAX=0x000007fef90f6400, RBX=0x000000001d9af538, RCX=0x000000001b717c80, RDX=0xffffffffe6c36e28
RSP=0x000000000234ea48, RBP=0x000000000234eb10, RSI=0x0000000021200021, RDI=0x000000000009db98
R8 =0x0000000000000000, R9 =0x0000000000000000, R10=0x0000000002635182, R11=0x000000001b717c80
R12=0x0000000000000000, R13=0x000000001d9af538, R14=0x000000000234eb40, R15=0x0000000001e8e800
RIP=0x000007fef91081f9, EFLAGS=0x0000000000010246

Top of Stack: (sp=0x000000000234ea48)
0x000000000234ea48:   000007fef90f64cd 000000000009db98
0x000000000234ea58:   0000000002635040 0000000001e8b300
0x000000000234ea68:   0000000001e8e800 0000000000000000
0x000000000234ea78:   0000000021200021 0000000021200021
0x000000000234ea88:   00000000026351ae 0000000001e8e9e0
0x000000000234ea98:   000000000234eb20 000000001b717c80
0x000000000234eaa8:   000000001d9af500 0000000021200021
0x000000000234eab8:   0000000001e8e800 000000000234ebb0
0x000000000234eac8:   0000000002634edc 000000000234ead0
0x000000000234ead8:   000000001d9af538 000000000234eb40
0x000000000234eae8:   000000001d9b0640 0000000000000000
0x000000000234eaf8:   000000001d9af538 0000000000000000
0x000000000234eb08:   000000000234eb30 000000000234eb88
0x000000000234eb18:   0000000002627380 000000078052f880
0x000000000234eb28:   000000000262f018 0000000000000000
0x000000000234eb38:   000000001b717c80 0000000780960888 

Instructions: (pc=0x000007fef91081f9)
0x000007fef91081d9:   ff c9 48 89 01 75 f0 49 83 e0 07 4d 85 c0 75 07
0x000007fef91081e9:   49 8b c3 c3 0f 1f 00 48 ff c9 8a 04 0a 49 ff c8
0x000007fef91081f9:   88 01 75 f3 49 8b c3 c3 66 66 66 66 66 66 66 0f
0x000007fef9108209:   1f 84 00 00 00 00 00 66 66 66 90 66 66 90 49 81 


Register to memory mapping:

RAX=0x000007fef90f6400 is an unknown value
RBX=0x000000001d9af538 is an unknown value
RCX=0x000000001b717c80 is an unknown value
RDX=0xffffffffe6c36e28 is an unknown value
RSP=0x000000000234ea48 is pointing into the stack for thread: 0x0000000001e8e800
RBP=0x000000000234eb10 is pointing into the stack for thread: 0x0000000001e8e800
RSI=0x0000000021200021 is an unknown value
RDI=0x000000000009db98 is an unknown value
R8 =0x0000000000000000 is an unknown value
R9 =0x0000000000000000 is an unknown value
R10=0x0000000002635182 is at code_begin+834 in an Interpreter codelet
method entry point (kind = native)  [0x0000000002634e40, 0x0000000002635780]  2368 bytes
R11=0x000000001b717c80 is an unknown value
R12=0x0000000000000000 is an unknown value
R13=0x000000001d9af538 is an unknown value
R14=0x000000000234eb40 is pointing into the stack for thread: 0x0000000001e8e800
R15=0x0000000001e8e800 is a thread


Stack: [0x0000000002250000,0x0000000002350000],  sp=0x000000000234ea48,  free space=1018k
Native frames: (J=compiled Java code, j=interpreted, Vv=VM code, C=native code)
C  [jna6329866639640894840.dll+0x181f9]
C  [jna6329866639640894840.dll+0x64cd]
C  0x00000000026351ae

Java frames: (J=compiled Java code, j=interpreted, Vv=VM code)
j  com.sun.jna.Native.setByte(JB)V+0
j  com.sun.jna.Pointer.setByte(JB)V+7
j  com.orientechnologies.nio.OJNADirectMemory.setByte(JB)V+10
j  com.orientechnologies.orient.core.storage.impl.local.paginated.wal.OWALPage.appendRecord([BZZ)I+38
j  com.orientechnologies.orient.core.storage.impl.local.paginated.wal.OWriteAheadLog$LogSegment.logRecord([B)Lcom/orientechnologies/orient/core/storage/impl/local/paginated/wal/OLogSequenceNumber;+241
j  com.orientechnologies.orient.core.storage.impl.local.paginated.wal.OWriteAheadLog.log(Lcom/orientechnologies/orient/core/storage/impl/local/paginated/wal/OWALRecord;)Lcom/orientechnologies/orient/core/storage/impl/local/paginated/wal/OLogSequenceNumber;+54
j  com.orientechnologies.orient.core.storage.impl.local.paginated.wal.OWriteAheadLog.logFullCheckpointStart()Lcom/orientechnologies/orient/core/storage/impl/local/paginated/wal/OLogSequenceNumber;+12
j  com.orientechnologies.orient.core.storage.impl.local.paginated.OLocalPaginatedStorage.makeFullCheckpoint()V+40
j  com.orientechnologies.orient.core.storage.impl.local.paginated.OLocalPaginatedStorage.doClose(ZZ)V+84
j  com.orientechnologies.orient.core.storage.impl.local.paginated.OLocalPaginatedStorage.close(Z)V+3
j  com.orientechnologies.orient.core.storage.impl.local.paginated.OLocalPaginatedStorage.open(Ljava/lang/String;Ljava/lang/String;Ljava/util/Map;)V+345
j  com.orientechnologies.orient.core.db.raw.ODatabaseRaw.open(Ljava/lang/String;Ljava/lang/String;)Lcom/orientechnologies/orient/core/db/ODatabase;+73
j  com.orientechnologies.orient.core.db.ODatabaseWrapperAbstract.open(Ljava/lang/String;Ljava/lang/String;)Lcom/orientechnologies/orient/core/db/ODatabase;+6
j  com.orientechnologies.orient.core.db.record.ODatabaseRecordAbstract.open(Ljava/lang/String;Ljava/lang/String;)Lcom/orientechnologies/orient/core/db/ODatabase;+7
j  com.orientechnologies.orient.core.db.ODatabaseWrapperAbstract.open(Ljava/lang/String;Ljava/lang/String;)Lcom/orientechnologies/orient/core/db/ODatabase;+6
j  com.tinkerpop.blueprints.impls.orient.OrientBaseGraph.openOrCreate()Lcom/tinkerpop/blueprints/impls/orient/OrientGraphContext;+131
j  com.tinkerpop.blueprints.impls.orient.OrientBaseGraph.<init>(Ljava/lang/String;Ljava/lang/String;Ljava/lang/String;)V+60
j  com.tinkerpop.blueprints.impls.orient.OrientTransactionalGraph.<init>(Ljava/lang/String;Ljava/lang/String;Ljava/lang/String;)V+4
j  com.tinkerpop.blueprints.impls.orient.OrientGraph.<init>(Ljava/lang/String;)V+6
j  edu.uw.sig.blueprints.publichealth.PersistentPublicHealthGraph.<init>(Ljava/lang/String;)V+2
j  edu.uw.sig.blueprints.test.SynthesizedDataTest.main([Ljava/lang/String;)V+8
v  ~StubRoutines::call_stub

---------------  P R O C E S S  ---------------

Java Threads: ( => current thread )
  0x000000001d6aa800 JavaThread "Thread-5" daemon [_thread_blocked, id=7676, stack(0x000000001dfe0000,0x000000001e0e0000)]
  0x000000001d6a0000 JavaThread "WAL Flush Task" daemon [_thread_blocked, id=2524, stack(0x000000001e370000,0x000000001e470000)]
  0x000000001d325800 JavaThread "OrientDB MemoryWatchDog" daemon [_thread_blocked, id=14416, stack(0x000000001dec0000,0x000000001dfc0000)]
  0x000000001d325000 JavaThread "Timer-1" daemon [_thread_blocked, id=2680, stack(0x000000001dd10000,0x000000001de10000)]
  0x000000001d4bf000 JavaThread "Timer-0" daemon [_thread_blocked, id=13540, stack(0x000000001dab0000,0x000000001dbb0000)]
  0x000000001b133800 JavaThread "Service Thread" daemon [_thread_blocked, id=13140, stack(0x000000001ce20000,0x000000001cf20000)]
  0x000000001b0b8000 JavaThread "C1 CompilerThread3" daemon [_thread_blocked, id=15128, stack(0x000000001cc80000,0x000000001cd80000)]
  0x000000001b0b6000 JavaThread "C2 CompilerThread2" daemon [_thread_blocked, id=14372, stack(0x000000001ca80000,0x000000001cb80000)]
  0x000000001b0ae800 JavaThread "C2 CompilerThread1" daemon [_thread_blocked, id=12004, stack(0x000000001c950000,0x000000001ca50000)]
  0x000000001b0a7800 JavaThread "C2 CompilerThread0" daemon [_thread_blocked, id=13608, stack(0x000000001c720000,0x000000001c820000)]
  0x000000001b0a6800 JavaThread "Attach Listener" daemon [_thread_blocked, id=14652, stack(0x000000001c4f0000,0x000000001c5f0000)]
  0x000000001b0a5000 JavaThread "Signal Dispatcher" daemon [_thread_blocked, id=13752, stack(0x000000001c2c0000,0x000000001c3c0000)]
  0x000000001a0ff800 JavaThread "Finalizer" daemon [_thread_blocked, id=13956, stack(0x000000001c3d0000,0x000000001c4d0000)]
  0x000000001a0f5800 JavaThread "Reference Handler" daemon [_thread_blocked, id=13628, stack(0x000000001c1b0000,0x000000001c2b0000)]
=>0x0000000001e8e800 JavaThread "main" [_thread_in_native, id=7416, stack(0x0000000002250000,0x0000000002350000)]

Other Threads:
  0x000000001b052800 VMThread [stack: 0x000000001bfc0000,0x000000001c0c0000] [id=9096]
  0x000000001b13c800 WatcherThread [stack: 0x000000001cf60000,0x000000001d060000] [id=10392]

VM state:not at safepoint (normal execution)

VM Mutex/Monitor currently owned by a thread: None

Heap:
 PSYoungGen      total 12800K, used 8073K [0x0000000780380000, 0x0000000781400000, 0x00000007c0000000)
  eden space 10240K, 59% used [0x0000000780380000,0x000000078097c158,0x0000000780d80000)
  from space 2560K, 75% used [0x0000000781080000,0x0000000781266530,0x0000000781300000)
  to   space 3072K, 0% used [0x0000000780d80000,0x0000000780d80000,0x0000000781080000)
 ParOldGen       total 195072K, used 3019K [0x0000000700a00000, 0x000000070c880000, 0x0000000780380000)
  object space 195072K, 1% used [0x0000000700a00000,0x0000000700cf2ef0,0x000000070c880000)
 Metaspace       used 12429K, capacity 12684K, committed 13056K, reserved 1060864K
  class space    used 1566K, capacity 1669K, committed 1792K, reserved 1048576K

Card table byte_map: [0x00000000119e0000,0x0000000011fe0000] byte_map_base: 0x000000000e1db000

Marking Bits: (ParMarkBitMap*) 0x000000005a3b13b0
 Begin Bits: [0x0000000013160000, 0x0000000016138000)
 End Bits:   [0x0000000016138000, 0x0000000019110000)

Polling page: 0x0000000000230000

CodeCache: size=245760Kb used=4051Kb max_used=4060Kb free=241708Kb
 bounds [0x0000000002620000, 0x0000000002a20000, 0x0000000011620000]
 total_blobs=1637 nmethods=1232 adapters=318
 compilation: enabled

Compilation events (10 events):
Event: 1.169 Thread 0x000000001b0b8000 nmethod 1227 0x0000000002a11950 code [0x0000000002a11ae0, 0x0000000002a11f88]
Event: 1.169 Thread 0x000000001b0b8000 1228       3       java.util.Calendar::internalSet (8 bytes)
Event: 1.169 Thread 0x000000001b0b8000 nmethod 1228 0x0000000002a12110 code [0x0000000002a12260, 0x0000000002a123d0]
Event: 1.169 Thread 0x000000001b0b8000 1229       3       java.util.Formatter$Flags::contains (22 bytes)
Event: 1.169 Thread 0x000000001b0b8000 nmethod 1229 0x0000000002a124d0 code [0x0000000002a12640, 0x0000000002a12850]
Event: 1.171 Thread 0x000000001b0b6000 nmethod 1224 0x0000000002a15990 code [0x0000000002a15b40, 0x0000000002a15fd0]
Event: 1.217 Thread 0x000000001b0a7800 1230       4       java.util.HashMap::get (23 bytes)
Event: 1.219 Thread 0x000000001b0a7800 nmethod 1230 0x0000000002a17dd0 code [0x0000000002a17f20, 0x0000000002a18178]
Event: 1.221 Thread 0x000000001b0b8000 1232       3       java.lang.Class::getDeclaringClass (22 bytes)
Event: 1.221 Thread 0x000000001b0b8000 nmethod 1232 0x0000000002a13490 code [0x0000000002a13640, 0x0000000002a139d8]

GC Heap History (10 events):
Event: 0.227 GC heap before
{Heap before GC invocations=6 (full 0):
 PSYoungGen      total 2560K, used 2528K [0x0000000780380000, 0x0000000780980000, 0x00000007c0000000)
  eden space 2048K, 99% used [0x0000000780380000,0x000000078057ffe0,0x0000000780580000)
  from space 512K, 93% used [0x0000000780580000,0x00000007805f8020,0x0000000780600000)
  to   space 1024K, 0% used [0x0000000780880000,0x0000000780880000,0x0000000780980000)
 ParOldGen       total 195072K, used 995K [0x0000000700a00000, 0x000000070c880000, 0x0000000780380000)
  object space 195072K, 0% used [0x0000000700a00000,0x0000000700af8de8,0x000000070c880000)
 Metaspace       used 4552K, capacity 5524K, committed 5760K, reserved 1056768K
  class space    used 504K, capacity 568K, committed 640K, reserved 1048576K
Event: 0.228 GC heap after
Heap after GC invocations=6 (full 0):
 PSYoungGen      total 4608K, used 1007K [0x0000000780380000, 0x0000000780a80000, 0x00000007c0000000)
  eden space 3584K, 0% used [0x0000000780380000,0x0000000780380000,0x0000000780700000)
  from space 1024K, 98% used [0x0000000780880000,0x000000078097bf60,0x0000000780980000)
  to   space 1536K, 0% used [0x0000000780700000,0x0000000780700000,0x0000000780880000)
 ParOldGen       total 195072K, used 1126K [0x0000000700a00000, 0x000000070c880000, 0x0000000780380000)
  object space 195072K, 0% used [0x0000000700a00000,0x0000000700b19be8,0x000000070c880000)
 Metaspace       used 4552K, capacity 5524K, committed 5760K, reserved 1056768K
  class space    used 504K, capacity 568K, committed 640K, reserved 1048576K
}
Event: 0.298 GC heap before
{Heap before GC invocations=7 (full 0):
 PSYoungGen      total 4608K, used 4591K [0x0000000780380000, 0x0000000780a80000, 0x00000007c0000000)
  eden space 3584K, 100% used [0x0000000780380000,0x0000000780700000,0x0000000780700000)
  from space 1024K, 98% used [0x0000000780880000,0x000000078097bf60,0x0000000780980000)
  to   space 1536K, 0% used [0x0000000780700000,0x0000000780700000,0x0000000780880000)
 ParOldGen       total 195072K, used 1126K [0x0000000700a00000, 0x000000070c880000, 0x0000000780380000)
  object space 195072K, 0% used [0x0000000700a00000,0x0000000700b19be8,0x000000070c880000)
 Metaspace       used 6191K, capacity 6556K, committed 6784K, reserved 1056768K
  class space    used 701K, capacity 780K, committed 896K, reserved 1048576K
Event: 0.299 GC heap after
Heap after GC invocations=7 (full 0):
 PSYoungGen      total 5120K, used 1448K [0x0000000780380000, 0x0000000780d80000, 0x00000007c0000000)
  eden space 3584K, 0% used [0x0000000780380000,0x0000000780380000,0x0000000780700000)
  from space 1536K, 94% used [0x0000000780700000,0x000000078086a3b0,0x0000000780880000)
  to   space 1536K, 0% used [0x0000000780c00000,0x0000000780c00000,0x0000000780d80000)
 ParOldGen       total 195072K, used 1423K [0x0000000700a00000, 0x000000070c880000, 0x0000000780380000)
  object space 195072K, 0% used [0x0000000700a00000,0x0000000700b63c38,0x000000070c880000)
 Metaspace       used 6191K, capacity 6556K, committed 6784K, reserved 1056768K
  class space    used 701K, capacity 780K, committed 896K, reserved 1048576K
}
Event: 0.370 GC heap before
{Heap before GC invocations=8 (full 0):
 PSYoungGen      total 5120K, used 5032K [0x0000000780380000, 0x0000000780d80000, 0x00000007c0000000)
  eden space 3584K, 100% used [0x0000000780380000,0x0000000780700000,0x0000000780700000)
  from space 1536K, 94% used [0x0000000780700000,0x000000078086a3b0,0x0000000780880000)
  to   space 1536K, 0% used [0x0000000780c00000,0x0000000780c00000,0x0000000780d80000)
 ParOldGen       total 195072K, used 1423K [0x0000000700a00000, 0x000000070c880000, 0x0000000780380000)
  object space 195072K, 0% used [0x0000000700a00000,0x0000000700b63c38,0x000000070c880000)
 Metaspace       used 7272K, capacity 7462K, committed 7680K, reserved 1056768K
  class space    used 841K, capacity 921K, committed 1024K, reserved 1048576K
Event: 0.371 GC heap after
Heap after GC invocations=8 (full 0):
 PSYoungGen      total 8192K, used 1529K [0x0000000780380000, 0x0000000780e80000, 0x00000007c0000000)
  eden space 6656K, 0% used [0x0000000780380000,0x0000000780380000,0x0000000780a00000)
  from space 1536K, 99% used [0x0000000780c00000,0x0000000780d7e478,0x0000000780d80000)
  to   space 2048K, 0% used [0x0000000780a00000,0x0000000780a00000,0x0000000780c00000)
 ParOldGen       total 195072K, used 1658K [0x0000000700a00000, 0x000000070c880000, 0x0000000780380000)
  object space 195072K, 0% used [0x0000000700a00000,0x0000000700b9e9b0,0x000000070c880000)
 Metaspace       used 7272K, capacity 7462K, committed 7680K, reserved 1056768K
  class space    used 841K, capacity 921K, committed 1024K, reserved 1048576K
}
Event: 0.501 GC heap before
{Heap before GC invocations=9 (full 0):
 PSYoungGen      total 8192K, used 8185K [0x0000000780380000, 0x0000000780e80000, 0x00000007c0000000)
  eden space 6656K, 100% used [0x0000000780380000,0x0000000780a00000,0x0000000780a00000)
  from space 1536K, 99% used [0x0000000780c00000,0x0000000780d7e478,0x0000000780d80000)
  to   space 2048K, 0% used [0x0000000780a00000,0x0000000780a00000,0x0000000780c00000)
 ParOldGen       total 195072K, used 1658K [0x0000000700a00000, 0x000000070c880000, 0x0000000780380000)
  object space 195072K, 0% used [0x0000000700a00000,0x0000000700b9e9b0,0x000000070c880000)
 Metaspace       used 8979K, capacity 9208K, committed 9472K, reserved 1056768K
  class space    used 1149K, capacity 1248K, committed 1280K, reserved 1048576K
Event: 0.503 GC heap after
Heap after GC invocations=9 (full 0):
 PSYoungGen      total 8704K, used 2027K [0x0000000780380000, 0x0000000781300000, 0x00000007c0000000)
  eden space 6656K, 0% used [0x0000000780380000,0x0000000780380000,0x0000000780a00000)
  from space 2048K, 98% used [0x0000000780a00000,0x0000000780bfac58,0x0000000780c00000)
  to   space 2560K, 0% used [0x0000000781080000,0x0000000781080000,0x0000000781300000)
 ParOldGen       total 195072K, used 2447K [0x0000000700a00000, 0x000000070c880000, 0x0000000780380000)
  object space 195072K, 1% used [0x0000000700a00000,0x0000000700c63ea0,0x000000070c880000)
 Metaspace       used 8979K, capacity 9208K, committed 9472K, reserved 1056768K
  class space    used 1149K, capacity 1248K, committed 1280K, reserved 1048576K
}
Event: 0.592 GC heap before
{Heap before GC invocations=10 (full 0):
 PSYoungGen      total 8704K, used 8683K [0x0000000780380000, 0x0000000781300000, 0x00000007c0000000)
  eden space 6656K, 100% used [0x0000000780380000,0x0000000780a00000,0x0000000780a00000)
  from space 2048K, 98% used [0x0000000780a00000,0x0000000780bfac58,0x0000000780c00000)
  to   space 2560K, 0% used [0x0000000781080000,0x0000000781080000,0x0000000781300000)
 ParOldGen       total 195072K, used 2447K [0x0000000700a00000, 0x000000070c880000, 0x0000000780380000)
  object space 195072K, 1% used [0x0000000700a00000,0x0000000700c63ea0,0x000000070c880000)
 Metaspace       used 10346K, capacity 10604K, committed 10752K, reserved 1058816K
  class space    used 1327K, capacity 1445K, committed 1536K, reserved 1048576K
Event: 0.597 GC heap after
Heap after GC invocations=10 (full 0):
 PSYoungGen      total 12800K, used 1945K [0x0000000780380000, 0x0000000781400000, 0x00000007c0000000)
  eden space 10240K, 0% used [0x0000000780380000,0x0000000780380000,0x0000000780d80000)
  from space 2560K, 75% used [0x0000000781080000,0x0000000781266530,0x0000000781300000)
  to   space 3072K, 0% used [0x0000000780d80000,0x0000000780d80000,0x0000000781080000)
 ParOldGen       total 195072K, used 3019K [0x0000000700a00000, 0x000000070c880000, 0x0000000780380000)
  object space 195072K, 1% used [0x0000000700a00000,0x0000000700cf2ef0,0x000000070c880000)
 Metaspace       used 10346K, capacity 10604K, committed 10752K, reserved 1058816K
  class space    used 1327K, capacity 1445K, committed 1536K, reserved 1048576K
}

Deoptimization events (4 events):
Event: 1.160 Thread 0x0000000001e8e800 Uncommon trap: reason=class_check action=maybe_recompile pc=0x000000000290f328 method=java.util.concurrent.ConcurrentHashMap.get(Ljava/lang/Object;)Ljava/lang/Object; @ 149
Event: 1.160 Thread 0x0000000001e8e800 Uncommon trap: reason=class_check action=maybe_recompile pc=0x000000000290f29c method=java.util.concurrent.ConcurrentHashMap.get(Ljava/lang/Object;)Ljava/lang/Object; @ 73
Event: 1.166 Thread 0x0000000001e8e800 Uncommon trap: reason=class_check action=maybe_recompile pc=0x000000000290f328 method=java.util.concurrent.ConcurrentHashMap.get(Ljava/lang/Object;)Ljava/lang/Object; @ 149
Event: 1.166 Thread 0x0000000001e8e800 Uncommon trap: reason=class_check action=maybe_recompile pc=0x000000000290f328 method=java.util.concurrent.ConcurrentHashMap.get(Ljava/lang/Object;)Ljava/lang/Object; @ 149

Internal exceptions (10 events):
Event: 1.254 Thread 0x0000000001e8e800 Exception <a 'java/security/PrivilegedActionException'> (0x000000078089d898) thrown at [D:\re\workspace\8-2-build-windows-amd64-cygwin\jdk8u5\2488\hotspot\src\share\vm\prims\jvm.cpp, line 1248]
Event: 1.254 Thread 0x0000000001e8e800 Exception <a 'java/security/PrivilegedActionException'> (0x00000007808a59e8) thrown at [D:\re\workspace\8-2-build-windows-amd64-cygwin\jdk8u5\2488\hotspot\src\share\vm\prims\jvm.cpp, line 1248]
Event: 1.255 Thread 0x0000000001e8e800 Exception <a 'java/security/PrivilegedActionException'> (0x00000007808af6c8) thrown at [D:\re\workspace\8-2-build-windows-amd64-cygwin\jdk8u5\2488\hotspot\src\share\vm\prims\jvm.cpp, line 1248]
Event: 1.255 Thread 0x0000000001e8e800 Exception <a 'java/security/PrivilegedActionException'> (0x00000007808b9900) thrown at [D:\re\workspace\8-2-build-windows-amd64-cygwin\jdk8u5\2488\hotspot\src\share\vm\prims\jvm.cpp, line 1248]
Event: 1.255 Thread 0x0000000001e8e800 Exception <a 'java/security/PrivilegedActionException'> (0x000000078092e028) thrown at [D:\re\workspace\8-2-build-windows-amd64-cygwin\jdk8u5\2488\hotspot\src\share\vm\prims\jvm.cpp, line 1248]
Event: 1.256 Thread 0x0000000001e8e800 Exception <a 'java/security/PrivilegedActionException'> (0x0000000780937c18) thrown at [D:\re\workspace\8-2-build-windows-amd64-cygwin\jdk8u5\2488\hotspot\src\share\vm\prims\jvm.cpp, line 1248]
Event: 1.256 Thread 0x0000000001e8e800 Exception <a 'java/security/PrivilegedActionException'> (0x000000078093ebf0) thrown at [D:\re\workspace\8-2-build-windows-amd64-cygwin\jdk8u5\2488\hotspot\src\share\vm\prims\jvm.cpp, line 1248]
Event: 1.256 Thread 0x0000000001e8e800 Exception <a 'java/security/PrivilegedActionException'> (0x0000000780946de8) thrown at [D:\re\workspace\8-2-build-windows-amd64-cygwin\jdk8u5\2488\hotspot\src\share\vm\prims\jvm.cpp, line 1248]
Event: 1.256 Thread 0x0000000001e8e800 Exception <a 'java/security/PrivilegedActionException'> (0x000000078094ede8) thrown at [D:\re\workspace\8-2-build-windows-amd64-cygwin\jdk8u5\2488\hotspot\src\share\vm\prims\jvm.cpp, line 1248]
Event: 1.256 Thread 0x0000000001e8e800 Exception <a 'java/security/PrivilegedActionException'> (0x0000000780956f18) thrown at [D:\re\workspace\8-2-build-windows-amd64-cygwin\jdk8u5\2488\hotspot\src\share\vm\prims\jvm.cpp, line 1248]

Events (10 events):
Event: 1.256 loading class com/orientechnologies/orient/core/storage/impl/local/paginated/wal/OClusterAwareWALRecord
Event: 1.256 loading class com/orientechnologies/orient/core/storage/impl/local/paginated/wal/OClusterAwareWALRecord done
Event: 1.256 loading class com/orientechnologies/orient/core/storage/impl/local/paginated/wal/OOperationUnitRecord
Event: 1.256 loading class com/orientechnologies/orient/core/storage/impl/local/paginated/wal/OOperationUnitRecord done
Event: 1.256 loading class com/orientechnologies/orient/core/storage/impl/local/paginated/wal/OFuzzyCheckpointStartRecord
Event: 1.256 loading class com/orientechnologies/orient/core/storage/impl/local/paginated/wal/OFuzzyCheckpointStartRecord done
Event: 1.256 loading class com/orientechnologies/orient/core/storage/impl/local/paginated/wal/OFuzzyCheckpointEndRecord
Event: 1.256 loading class com/orientechnologies/orient/core/storage/impl/local/paginated/wal/OFuzzyCheckpointEndRecord done
Event: 1.256 loading class com/orientechnologies/orient/core/storage/impl/local/paginated/wal/ODirtyPagesRecord
Event: 1.256 loading class com/orientechnologies/orient/core/storage/impl/local/paginated/wal/ODirtyPagesRecord done


Dynamic libraries:
0x000000013fde0000 - 0x000000013fe14000 	F:\Program Files\Java\jdk1.8.0_05\bin\java.exe
0x0000000077960000 - 0x0000000077b09000 	C:\Windows\SYSTEM32\ntdll.dll
0x0000000077740000 - 0x000000007785f000 	C:\Windows\system32\kernel32.dll
0x000007fefd7b0000 - 0x000007fefd81c000 	C:\Windows\system32\KERNELBASE.dll
0x000007feff820000 - 0x000007feff8fb000 	C:\Windows\system32\ADVAPI32.dll
0x000007fefddb0000 - 0x000007fefde4f000 	C:\Windows\system32\msvcrt.dll
0x000007fefe340000 - 0x000007fefe35f000 	C:\Windows\SYSTEM32\sechost.dll
0x000007fefe4c0000 - 0x000007fefe5ed000 	C:\Windows\system32\RPCRT4.dll
0x0000000077860000 - 0x000000007795a000 	C:\Windows\system32\USER32.dll
0x000007fefe450000 - 0x000007fefe4b7000 	C:\Windows\system32\GDI32.dll
0x000007feff810000 - 0x000007feff81e000 	C:\Windows\system32\LPK.dll
0x000007fefde50000 - 0x000007fefdf19000 	C:\Windows\system32\USP10.dll
0x000007fefc080000 - 0x000007fefc274000 	C:\Windows\WinSxS\amd64_microsoft.windows.common-controls_6595b64144ccf1df_6.0.7601.17514_none_fa396087175ac9ac\COMCTL32.dll
0x000007feff960000 - 0x000007feff9d1000 	C:\Windows\system32\SHLWAPI.dll
0x000007fefe400000 - 0x000007fefe42e000 	C:\Windows\system32\IMM32.DLL
0x000007feff700000 - 0x000007feff809000 	C:\Windows\system32\MSCTF.dll
0x00000000671d0000 - 0x00000000672a2000 	F:\Program Files\Java\jdk1.8.0_05\jre\bin\msvcr100.dll
0x0000000059c00000 - 0x000000005a42a000 	F:\Program Files\Java\jdk1.8.0_05\jre\bin\server\jvm.dll
0x000007fef26b0000 - 0x000007fef26b9000 	C:\Windows\system32\WSOCK32.dll
0x000007feff9e0000 - 0x000007feffa2d000 	C:\Windows\system32\WS2_32.dll
0x000007fefe2b0000 - 0x000007fefe2b8000 	C:\Windows\system32\NSI.dll
0x000007fefad50000 - 0x000007fefad8b000 	C:\Windows\system32\WINMM.dll
0x0000000077b20000 - 0x0000000077b27000 	C:\Windows\system32\PSAPI.DLL
0x0000000075410000 - 0x000000007541f000 	F:\Program Files\Java\jdk1.8.0_05\jre\bin\verify.dll
0x0000000071fe0000 - 0x0000000072008000 	F:\Program Files\Java\jdk1.8.0_05\jre\bin\java.dll
0x000000006faa0000 - 0x000000006fab6000 	F:\Program Files\Java\jdk1.8.0_05\jre\bin\zip.dll
0x000007fefe760000 - 0x000007feff4e8000 	C:\Windows\system32\SHELL32.dll
0x000007feff4f0000 - 0x000007feff6f3000 	C:\Windows\system32\ole32.dll
0x000007fefd770000 - 0x000007fefd77f000 	C:\Windows\system32\profapi.dll
0x0000000075160000 - 0x000000007516d000 	F:\Program Files\Java\jdk1.8.0_05\jre\bin\management.dll
0x000007fefcf40000 - 0x000007fefcf57000 	C:\Windows\system32\CRYPTSP.dll
0x000007fefcc20000 - 0x000007fefcc67000 	C:\Windows\system32\rsaenh.dll
0x000007fefd890000 - 0x000007fefd8ae000 	C:\Windows\system32\USERENV.dll
0x000007fefd5d0000 - 0x000007fefd5df000 	C:\Windows\system32\CRYPTBASE.dll
0x000000006fa50000 - 0x000000006fa6a000 	F:\Program Files\Java\jdk1.8.0_05\jre\bin\net.dll
0x000007fefce00000 - 0x000007fefce55000 	C:\Windows\system32\mswsock.dll
0x000007fefd080000 - 0x000007fefd087000 	C:\Windows\System32\wship6.dll
0x000007fefa950000 - 0x000007fefa977000 	C:\Windows\system32\IPHLPAPI.DLL
0x000007fefa940000 - 0x000007fefa94b000 	C:\Windows\system32\WINNSI.DLL
0x000007fefa390000 - 0x000007fefa3a1000 	C:\Windows\system32\dhcpcsvc6.DLL
0x000007fefa310000 - 0x000007fefa328000 	C:\Windows\system32\dhcpcsvc.DLL
0x000000006fa30000 - 0x000000006fa41000 	F:\Program Files\Java\jdk1.8.0_05\jre\bin\nio.dll
0x000007fef90f0000 - 0x000007fef9127000 	C:\Users\wlau\AppData\Local\Temp\jna-wlau\jna6329866639640894840.dll
0x000007fef0090000 - 0x000007fef01b5000 	C:\Windows\system32\dbghelp.dll

VM Arguments:
java_command: edu.uw.sig.blueprints.test.SynthesizedDataTest
java_class_path (initial): F:\RO1\graphdbfromrelationaldb\TinkerPopTest\target\classes;C:\Users\wlau\.m2\repository\com\lambdazen\bitsy\bitsy\1.0\bitsy-1.0.jar;C:\Users\wlau\.m2\repository\org\slf4j\slf4j-api\1.7.3\slf4j-api-1.7.3.jar;C:\Users\wlau\.m2\repository\com\nesscomputing\components\ness-core\1.5.0\ness-core-1.5.0.jar;C:\Users\wlau\.m2\repository\com\google\code\findbugs\jsr305\2.0.1\jsr305-2.0.1.jar;C:\Users\wlau\.m2\repository\com\tinkerpop\blueprints\blueprints-core\2.4.0\blueprints-core-2.4.0.jar;C:\Users\wlau\.m2\repository\org\codehaus\jettison\jettison\1.3.3\jettison-1.3.3.jar;C:\Users\wlau\.m2\repository\stax\stax-api\1.0.1\stax-api-1.0.1.jar;C:\Users\wlau\.m2\repository\com\fasterxml\jackson\datatype\jackson-datatype-json-org\2.1.2\jackson-datatype-json-org-2.1.2.jar;C:\Users\wlau\.m2\repository\com\fasterxml\jackson\core\jackson-core\2.1.2\jackson-core-2.1.2.jar;C:\Users\wlau\.m2\repository\com\fasterxml\jackson\core\jackson-databind\2.1.2\jackson-databind-2.1.2.jar;C:\Users\wlau\.m2\repository\com\fasterxml\jackson\core\jackson-annotations\2.1.1\jackson-annotations-2.1.1.jar;C:\Users\wlau\.m2\repository\org\json\json\20090211\json-20090211.jar;C:\Users\wlau\.m2\repository\colt\colt\1.2.0\colt-1.2.0.jar;C:\Users\wlau\.m2\repository\concurrent\concurrent\1.3.4\concurrent-1.3.4.jar;C:\Users\wlau\.m2\repository\commons-configuration\commons-configuration\1.6\commons-configuration-1.6.jar;C:\Users\wlau\.m2\repository\commons-collections\commons-collections\3.2.1\commons-collections-3.2.1.jar;C:\Users\wlau\.m2\repository\commons-lang\commons-lang\2.4\commons-lang-2.4.jar;C:\Users\wlau\.m2\repository\commons-logging\commons-logging\1.1.1\commons-logging-1.1.1.jar;C:\Users\wlau\.m2\repository\commons-digester\commons-digester\1.8\commons-digester-1.8.jar;C:\Users\wlau\.m2\repository\commons-beanutils\commons-beanutils\1.7.0\commons-beanutils-1.7.0.jar;C:\Users\wlau\.m2\repository\commons-beanutils\commons-beanutils-core\1.8.0\commons-beanutils-core-1.8
Launcher Type: SUN_STANDARD

Environment Variables:
JAVA_HOME=F:\Program Files\Java\jdk1.8.0_05
PATH=F:\oraclexe\app\oracle\product\11.2.0\client;F:\oraclexe\app\oracle\product\11.2.0\server\bin;F:\app\oracle\product\12.1.0\dbhome_1\bin;C:\GTK\bin;C:\cygwin\bin;C:\Program Files (x86)\SenchaSDKTools-2.0.0-beta3;C:\Windows\system32;C:\Windows;C:\Windows\System32\Wbem;C:\Windows\System32\WindowsPowerShell\v1.0\;C:\Program Files (x86)\Microsoft SQL Server\100\Tools\Binn\;C:\Program Files\Microsoft SQL Server\100\Tools\Binn\;C:\Program Files\Microsoft SQL Server\100\DTS\Binn\;C:\Program Files (x86)\Microsoft SQL Server\100\Tools\Binn\VSShell\Common7\IDE\;C:\Program Files (x86)\Microsoft Visual Studio 9.0\Common7\IDE\PrivateAssemblies\;C:\Program Files (x86)\Microsoft SQL Server\100\DTS\Binn\;C:\Program Files\TortoiseHg\;C:\Program Files\TortoiseSVN\bin;C:\app\apache-maven-3.0.4\bin;C:\Program Files (x86)\Java\jre7\bin\client;C:\Program Files\Java\jre7\bin\server;C:\Windows\SysWOW64;F:\Download\apache-ant-1.9.4\bin;F:\Program Files (x86)\Git\cmd;F:\Program Files\nodejs\;F:\Program Files\TortoiseGit\bin;C:\Users\wlau\AppData\Roaming\npm
USERNAME=wlau
OS=Windows_NT
PROCESSOR_IDENTIFIER=Intel64 Family 6 Model 42 Stepping 7, GenuineIntel



---------------  S Y S T E M  ---------------

OS: Windows 7 , 64 bit Build 7601 Service Pack 1

CPU:total 8 (4 cores per cpu, 2 threads per core) family 6 model 42 stepping 7, cmov, cx8, fxsr, mmx, sse, sse2, sse3, ssse3, sse4.1, sse4.2, popcnt, avx, aes, clmul, ht, tsc, tscinvbit

Memory: 4k page, physical 12539924k(5049428k free), swap 16732364k(4227212k free)

vm_info: Java HotSpot(TM) 64-Bit Server VM (25.5-b02) for windows-amd64 JRE (1.8.0_05-b13), built on Mar 18 2014 01:08:39 by "java_re" with MS VC++ 10.0 (VS2010)

time: Mon Oct 20 16:22:32 2014
elapsed time: 1 seconds

